训练时间:20250413090722, pixel_vtrain_image_4eta_2ns_full_base_v1
PYTHONPATH=".." python train_image.py --lora_name="pixel_vtrain_image_4eta_2ns_full_base_v1" --num_inference_steps=28 --pretrained_model_name_or_path=/home/haoguang/model/black-forest-labs/FLUX.1-dev --train_iteration=2 --save_per_steps=100 --device="1" --output_dir="output/models/image//pixel/pixel_vtrain_image_4eta_2ns_full_base_v1" --start_step=0 --end_step=27 --datasets_folder="datasets" --dataset="pixel" --source_folder="datasets/pixel/source" --target_folder="datasets/pixel/target" --guidance_scale=3.5 --cfg_eta=4 --noise_scale=2 
训练完成:20250413090722, pixel_vtrain_image_4eta_2ns_full_base_v1
训练时间:20250413090722, pixel_vtrain_image_4eta_3ns_full_base_v1
PYTHONPATH=".." python train_image.py --lora_name="pixel_vtrain_image_4eta_3ns_full_base_v1" --num_inference_steps=28 --pretrained_model_name_or_path=/home/haoguang/model/black-forest-labs/FLUX.1-dev --train_iteration=2 --save_per_steps=100 --device="1" --output_dir="output/models/image//pixel/pixel_vtrain_image_4eta_3ns_full_base_v1" --start_step=0 --end_step=27 --datasets_folder="datasets" --dataset="pixel" --source_folder="datasets/pixel/source" --target_folder="datasets/pixel/target" --guidance_scale=3.5 --cfg_eta=4 --noise_scale=3 
训练完成:20250413090722, pixel_vtrain_image_4eta_3ns_full_base_v1
训练时间:20250413090722, cat_compare_vtrain_image_4eta_2ns_full_base_v1
PYTHONPATH=".." python train_image.py --lora_name="cat_compare_vtrain_image_4eta_2ns_full_base_v1" --num_inference_steps=28 --pretrained_model_name_or_path=/home/haoguang/model/black-forest-labs/FLUX.1-dev --train_iteration=2 --save_per_steps=100 --device="1" --output_dir="output/models/image//cat_compare/cat_compare_vtrain_image_4eta_2ns_full_base_v1" --start_step=0 --end_step=27 --datasets_folder="datasets" --dataset="cat_compare" --source_folder="datasets/cat_compare/datasets/pixel/source" --target_folder="datasets/cat_compare/datasets/pixel/target" --guidance_scale=3.5 --cfg_eta=4 --noise_scale=2 
训练完成:20250413090722, cat_compare_vtrain_image_4eta_2ns_full_base_v1
训练时间:20250413090722, cat_compare_vtrain_image_4eta_3ns_full_base_v1
PYTHONPATH=".." python train_image.py --lora_name="cat_compare_vtrain_image_4eta_3ns_full_base_v1" --num_inference_steps=28 --pretrained_model_name_or_path=/home/haoguang/model/black-forest-labs/FLUX.1-dev --train_iteration=2 --save_per_steps=100 --device="1" --output_dir="output/models/image//cat_compare/cat_compare_vtrain_image_4eta_3ns_full_base_v1" --start_step=0 --end_step=27 --datasets_folder="datasets" --dataset="cat_compare" --source_folder="datasets/cat_compare/datasets/pixel/source" --target_folder="datasets/cat_compare/datasets/pixel/target" --guidance_scale=3.5 --cfg_eta=4 --noise_scale=3 
训练完成:20250413090722, cat_compare_vtrain_image_4eta_3ns_full_base_v1
训练时间:20250413090805, pixel_vtrain_image_4eta_2ns_full_base_v1
PYTHONPATH=".." python train_image.py --lora_name="pixel_vtrain_image_4eta_2ns_full_base_v1" --num_inference_steps=28 --pretrained_model_name_or_path=/home/haoguang/model/black-forest-labs/FLUX.1-dev --train_iteration=2 --save_per_steps=100 --device="1" --output_dir="output/models/image//pixel/pixel_vtrain_image_4eta_2ns_full_base_v1" --start_step=0 --end_step=27 --datasets_folder="datasets" --dataset="pixel" --source_folder="datasets/pixel/source" --target_folder="datasets/pixel/target" --guidance_scale=3.5 --cfg_eta=4 --noise_scale=2 
训练完成:20250413090805, pixel_vtrain_image_4eta_2ns_full_base_v1
训练时间:20250413090805, pixel_vtrain_image_4eta_3ns_full_base_v1
PYTHONPATH=".." python train_image.py --lora_name="pixel_vtrain_image_4eta_3ns_full_base_v1" --num_inference_steps=28 --pretrained_model_name_or_path=/home/haoguang/model/black-forest-labs/FLUX.1-dev --train_iteration=2 --save_per_steps=100 --device="1" --output_dir="output/models/image//pixel/pixel_vtrain_image_4eta_3ns_full_base_v1" --start_step=0 --end_step=27 --datasets_folder="datasets" --dataset="pixel" --source_folder="datasets/pixel/source" --target_folder="datasets/pixel/target" --guidance_scale=3.5 --cfg_eta=4 --noise_scale=3 
训练完成:20250413090805, pixel_vtrain_image_4eta_3ns_full_base_v1
训练时间:20250413090805, cat_compare_vtrain_image_4eta_2ns_full_base_v1
PYTHONPATH=".." python train_image.py --lora_name="cat_compare_vtrain_image_4eta_2ns_full_base_v1" --num_inference_steps=28 --pretrained_model_name_or_path=/home/haoguang/model/black-forest-labs/FLUX.1-dev --train_iteration=2 --save_per_steps=100 --device="1" --output_dir="output/models/image//cat_compare/cat_compare_vtrain_image_4eta_2ns_full_base_v1" --start_step=0 --end_step=27 --datasets_folder="datasets" --dataset="cat_compare" --source_folder="datasets/cat_compare/datasets/pixel/source" --target_folder="datasets/cat_compare/datasets/pixel/target" --guidance_scale=3.5 --cfg_eta=4 --noise_scale=2 
训练完成:20250413090805, cat_compare_vtrain_image_4eta_2ns_full_base_v1
训练时间:20250413090805, cat_compare_vtrain_image_4eta_3ns_full_base_v1
PYTHONPATH=".." python train_image.py --lora_name="cat_compare_vtrain_image_4eta_3ns_full_base_v1" --num_inference_steps=28 --pretrained_model_name_or_path=/home/haoguang/model/black-forest-labs/FLUX.1-dev --train_iteration=2 --save_per_steps=100 --device="1" --output_dir="output/models/image//cat_compare/cat_compare_vtrain_image_4eta_3ns_full_base_v1" --start_step=0 --end_step=27 --datasets_folder="datasets" --dataset="cat_compare" --source_folder="datasets/cat_compare/datasets/pixel/source" --target_folder="datasets/cat_compare/datasets/pixel/target" --guidance_scale=3.5 --cfg_eta=4 --noise_scale=3 
训练完成:20250413090805, cat_compare_vtrain_image_4eta_3ns_full_base_v1
训练时间:20250413091239, pixel_vtrain_image_4eta_3ns_full_base_v1
PYTHONPATH=".." python train_image.py --lora_name="pixel_vtrain_image_4eta_3ns_full_base_v1" --num_inference_steps=28 --pretrained_model_name_or_path=/home/haoguang/model/black-forest-labs/FLUX.1-dev --train_iteration=2 --save_per_steps=100 --device="1" --output_dir="output/models/image//pixel/pixel_vtrain_image_4eta_3ns_full_base_v1" --start_step=0 --end_step=27 --datasets_folder="datasets" --dataset="pixel" --source_folder="datasets/pixel/source" --target_folder="datasets/pixel/target" --guidance_scale=3.5 --cfg_eta=4 --noise_scale=3 
训练完成:20250413091239, pixel_vtrain_image_4eta_3ns_full_base_v1
训练时间:20250413091346, pixel_vtrain_image_4eta_3ns_full_base_v1
PYTHONPATH=".." python train_image.py --lora_name="pixel_vtrain_image_4eta_3ns_full_base_v1" --num_inference_steps=28 --pretrained_model_name_or_path=/home/haoguang/model/black-forest-labs/FLUX.1-dev --train_iteration=2 --save_per_steps=100 --device="1" --output_dir="output/models/image//pixel/pixel_vtrain_image_4eta_3ns_full_base_v1" --start_step=0 --end_step=27 --datasets_folder="datasets" --dataset="pixel" --source_folder="datasets/pixel/source" --target_folder="datasets/pixel/target" --guidance_scale=3.5 --cfg_eta=4 --noise_scale=3 
训练完成:20250413091346, pixel_vtrain_image_4eta_3ns_full_base_v1
训练时间:20250413091505, pixel_vtrain_image_4eta_3ns_full_base_v1
PYTHONPATH=".." python train_image.py --lora_name="pixel_vtrain_image_4eta_3ns_full_base_v1" --num_inference_steps=28 --pretrained_model_name_or_path=/home/haoguang/model/black-forest-labs/FLUX.1-dev --train_iteration=500 --save_per_steps=200 --device="1" --output_dir="output/models/image//pixel/pixel_vtrain_image_4eta_3ns_full_base_v1" --start_step=0 --end_step=27 --datasets_folder="datasets" --dataset="pixel" --source_folder="datasets/pixel/source" --target_folder="datasets/pixel/target" --guidance_scale=3.5 --cfg_eta=4 --noise_scale=3 
训练完成:20250413091505, pixel_vtrain_image_4eta_3ns_full_base_v1
训练时间:20250413093317, pixel_vtrain_image_4eta_3ns_full_base_v1
PYTHONPATH=".." python train_image.py --lora_name="pixel_vtrain_image_4eta_3ns_full_base_v1" --num_inference_steps=28 --pretrained_model_name_or_path=/home/haoguang/model/black-forest-labs/FLUX.1-dev --train_iteration=500 --save_per_steps=200 --device="1" --output_dir="output/models/image//pixel/pixel_vtrain_image_4eta_3ns_full_base_v1" --start_step=0 --end_step=27 --datasets_folder="datasets" --dataset="pixel" --source_folder="datasets/pixel/source" --target_folder="datasets/pixel/target" --guidance_scale=3.5 --cfg_eta=4 --noise_scale=3 
训练时间:20250413093317, cat_compare_vtrain_image_4eta_3ns_full_base_v1
PYTHONPATH=".." python train_image.py --lora_name="cat_compare_vtrain_image_4eta_3ns_full_base_v1" --num_inference_steps=28 --pretrained_model_name_or_path=/home/haoguang/model/black-forest-labs/FLUX.1-dev --train_iteration=500 --save_per_steps=200 --device="1" --output_dir="output/models/image//cat_compare/cat_compare_vtrain_image_4eta_3ns_full_base_v1" --start_step=0 --end_step=27 --datasets_folder="datasets" --dataset="cat_compare" --source_folder="datasets/cat_compare/datasets/pixel/source" --target_folder="datasets/cat_compare/datasets/pixel/target" --guidance_scale=3.5 --cfg_eta=4 --noise_scale=3 
训练时间:20250413093433, pixel_vtrain_image_4eta_3ns_full_base_v1
PYTHONPATH=".." python train_image.py --lora_name="pixel_vtrain_image_4eta_3ns_full_base_v1" --num_inference_steps=28 --pretrained_model_name_or_path=/home/haoguang/model/black-forest-labs/FLUX.1-dev --train_iteration=500 --save_per_steps=200 --device="1" --output_dir="output/models/image//pixel/pixel_vtrain_image_4eta_3ns_full_base_v1" --start_step=0 --end_step=27 --datasets_folder="datasets" --dataset="pixel" --source_folder="datasets/pixel/source" --target_folder="datasets/pixel/target" --guidance_scale=3.5 --cfg_eta=4 --noise_scale=3 
训练时间:20250413093433, cat_compare_vtrain_image_4eta_3ns_full_base_v1
PYTHONPATH=".." python train_image.py --lora_name="cat_compare_vtrain_image_4eta_3ns_full_base_v1" --num_inference_steps=28 --pretrained_model_name_or_path=/home/haoguang/model/black-forest-labs/FLUX.1-dev --train_iteration=500 --save_per_steps=200 --device="1" --output_dir="output/models/image//cat_compare/cat_compare_vtrain_image_4eta_3ns_full_base_v1" --start_step=0 --end_step=27 --datasets_folder="datasets" --dataset="cat_compare" --source_folder="datasets/cat_compare/datasets/pixel/source" --target_folder="datasets/cat_compare/datasets/pixel/target" --guidance_scale=3.5 --cfg_eta=4 --noise_scale=3 
训练时间:20250413093522, pixel_vtrain_image_4eta_3ns_full_base_v1
PYTHONPATH=".." python train_image.py --lora_name="pixel_vtrain_image_4eta_3ns_full_base_v1" --num_inference_steps=28 --pretrained_model_name_or_path=/home/haoguang/model/black-forest-labs/FLUX.1-dev --train_iteration=500 --save_per_steps=200 --device="1" --output_dir="output/models/image//pixel/pixel_vtrain_image_4eta_3ns_full_base_v1" --start_step=0 --end_step=27 --datasets_folder="datasets" --dataset="pixel" --source_folder="datasets/pixel/source" --target_folder="datasets/pixel/target" --guidance_scale=3.5 --cfg_eta=4 --noise_scale=3 
训练时间:20250413093624, pixel_vtrain_image_4eta_3ns_full_base_v1
PYTHONPATH=".." python train_image.py --lora_name="pixel_vtrain_image_4eta_3ns_full_base_v1" --num_inference_steps=28 --pretrained_model_name_or_path=/home/haoguang/model/black-forest-labs/FLUX.1-dev --train_iteration=500 --save_per_steps=200 --device="1" --output_dir="output/models/image//pixel/pixel_vtrain_image_4eta_3ns_full_base_v1" --start_step=0 --end_step=27 --datasets_folder="datasets" --dataset="pixel" --source_folder="datasets/pixel/source" --target_folder="datasets/pixel/target" --guidance_scale=3.5 --cfg_eta=4 --noise_scale=3 
训练时间:20250413093624, cat_compare_vtrain_image_4eta_3ns_full_base_v1
PYTHONPATH=".." python train_image.py --lora_name="cat_compare_vtrain_image_4eta_3ns_full_base_v1" --num_inference_steps=28 --pretrained_model_name_or_path=/home/haoguang/model/black-forest-labs/FLUX.1-dev --train_iteration=500 --save_per_steps=200 --device="1" --output_dir="output/models/image//cat_compare/cat_compare_vtrain_image_4eta_3ns_full_base_v1" --start_step=0 --end_step=27 --datasets_folder="datasets" --dataset="cat_compare" --source_folder="datasets/cat_compare/datasets/pixel/source" --target_folder="datasets/cat_compare/datasets/pixel/target" --guidance_scale=3.5 --cfg_eta=4 --noise_scale=3 
训练时间:20250413093714, pixel_vtrain_image_4eta_3ns_full_base_v1
PYTHONPATH=".." python train_image.py --lora_name="pixel_vtrain_image_4eta_3ns_full_base_v1" --num_inference_steps=28 --pretrained_model_name_or_path=/home/haoguang/model/black-forest-labs/FLUX.1-dev --train_iteration=500 --save_per_steps=200 --device="1" --output_dir="output/models/image//pixel/pixel_vtrain_image_4eta_3ns_full_base_v1" --start_step=0 --end_step=27 --datasets_folder="datasets" --dataset="pixel" --source_folder="datasets/pixel/source" --target_folder="datasets/pixel/target" --guidance_scale=3.5 --cfg_eta=4 --noise_scale=3 
训练时间:20250413101334, pixel_vtrain_image_wocontent_4.0eta_3.0ns_full_base_v1
PYTHONPATH=".." python train_image_wocontent.py --lora_name="pixel_vtrain_image_wocontent_4.0eta_3.0ns_full_base_v1" --num_inference_steps=28 --pretrained_model_name_or_path=/home/haoguang/model/black-forest-labs/FLUX.1-dev --train_iteration=500 --save_per_steps=200 --device="1" --output_dir="output/models/image//pixel/pixel_vtrain_image_wocontent_4.0eta_3.0ns_full_base_v1" --start_step=0 --end_step=27 --datasets_folder="datasets" --dataset="pixel" --source_folder="datasets/pixel/source" --target_folder="datasets/pixel/target" --guidance_scale=3.5 --cfg_eta=4 --noise_scale=3 
训练时间:20250413101421, pixel_vtrain_image_wocontent_4.0eta_3.0ns_full_base_v1
PYTHONPATH=".." python train_image_wocontent.py --lora_name="pixel_vtrain_image_wocontent_4.0eta_3.0ns_full_base_v1" --num_inference_steps=28 --pretrained_model_name_or_path=/home/haoguang/model/black-forest-labs/FLUX.1-dev --train_iteration=500 --save_per_steps=200 --device="1" --output_dir="output/models/image//pixel/pixel_vtrain_image_wocontent_4.0eta_3.0ns_full_base_v1" --start_step=0 --end_step=27 --datasets_folder="datasets" --dataset="pixel" --source_folder="datasets/pixel/source" --target_folder="datasets/pixel/target" --guidance_scale=3.5 --cfg_eta=4 --noise_scale=3 
训练时间:20250413102141, pixel_vtrain_image_fm_4.0eta_3.0ns_full_base_v1
PYTHONPATH=".." python train_image_fm.py --lora_name="pixel_vtrain_image_fm_4.0eta_3.0ns_full_base_v1" --num_inference_steps=28 --pretrained_model_name_or_path=/home/haoguang/model/black-forest-labs/FLUX.1-dev --train_iteration=500 --save_per_steps=200 --device="2" --output_dir="output/models/image//pixel/pixel_vtrain_image_fm_4.0eta_3.0ns_full_base_v1" --start_step=0 --end_step=27 --datasets_folder="datasets" --dataset="pixel" --source_folder="datasets/pixel/source" --target_folder="datasets/pixel/target" --guidance_scale=3.5 --cfg_eta=4 --noise_scale=3 
训练完成:20250413101421, pixel_vtrain_image_wocontent_4.0eta_3.0ns_full_base_v1
训练时间:20250413101421, cat_compare_vtrain_image_wocontent_4.0eta_3.0ns_full_base_v1
PYTHONPATH=".." python train_image_wocontent.py --lora_name="cat_compare_vtrain_image_wocontent_4.0eta_3.0ns_full_base_v1" --num_inference_steps=28 --pretrained_model_name_or_path=/home/haoguang/model/black-forest-labs/FLUX.1-dev --train_iteration=500 --save_per_steps=200 --device="1" --output_dir="output/models/image//cat_compare/cat_compare_vtrain_image_wocontent_4.0eta_3.0ns_full_base_v1" --start_step=0 --end_step=27 --datasets_folder="datasets" --dataset="cat_compare" --source_folder="datasets/cat_compare/datasets/pixel/source" --target_folder="datasets/cat_compare/datasets/pixel/target" --guidance_scale=3.5 --cfg_eta=4 --noise_scale=3 
训练完成:20250413102141, pixel_vtrain_image_fm_4.0eta_3.0ns_full_base_v1
训练时间:20250413104044, pixel_vtrain_image_sliders_4.0eta_3.0ns_full_base_v1
PYTHONPATH=".." python train_image_sliders.py --lora_name="pixel_vtrain_image_sliders_4.0eta_3.0ns_full_base_v1" --num_inference_steps=28 --pretrained_model_name_or_path=/home/haoguang/model/black-forest-labs/FLUX.1-dev --train_iteration=500 --save_per_steps=200 --device="2" --output_dir="output/models/image//pixel/pixel_vtrain_image_sliders_4.0eta_3.0ns_full_base_v1" --start_step=0 --end_step=27 --datasets_folder="datasets" --dataset="pixel" --source_folder="datasets/pixel/source" --target_folder="datasets/pixel/target" --guidance_scale=3.5 --cfg_eta=4 --noise_scale=3 
训练时间:20250413104103, pixel_vtrain_image_sliders_4.0eta_3.0ns_full_base_v1
PYTHONPATH=".." python train_image_sliders.py --lora_name="pixel_vtrain_image_sliders_4.0eta_3.0ns_full_base_v1" --num_inference_steps=28 --pretrained_model_name_or_path=/home/haoguang/model/black-forest-labs/FLUX.1-dev --train_iteration=500 --save_per_steps=200 --device="2" --output_dir="output/models/image//pixel/pixel_vtrain_image_sliders_4.0eta_3.0ns_full_base_v1" --start_step=0 --end_step=27 --datasets_folder="datasets" --dataset="pixel" --source_folder="datasets/pixel/source" --target_folder="datasets/pixel/target" --guidance_scale=3.5 --cfg_eta=4 --noise_scale=3 
训练时间:20250413104150, pixel_vtrain_image_sliders_4.0eta_3.0ns_full_base_v1
PYTHONPATH=".." python train_image_sliders.py --lora_name="pixel_vtrain_image_sliders_4.0eta_3.0ns_full_base_v1" --num_inference_steps=28 --pretrained_model_name_or_path=/home/haoguang/model/black-forest-labs/FLUX.1-dev --train_iteration=500 --save_per_steps=200 --device="0" --output_dir="output/models/image//pixel/pixel_vtrain_image_sliders_4.0eta_3.0ns_full_base_v1" --start_step=0 --end_step=27 --datasets_folder="datasets" --dataset="pixel" --source_folder="datasets/pixel/source" --target_folder="datasets/pixel/target" --guidance_scale=3.5 --cfg_eta=4 --noise_scale=3 
训练完成:20250413104150, pixel_vtrain_image_sliders_4.0eta_3.0ns_full_base_v1
训练时间:20250413105707, pixel_vtrain_image_wocfg_4.0eta_3.0ns_full_base_v1
PYTHONPATH=".." python train_image_wocfg.py --lora_name="pixel_vtrain_image_wocfg_4.0eta_3.0ns_full_base_v1" --num_inference_steps=28 --pretrained_model_name_or_path=/home/haoguang/model/black-forest-labs/FLUX.1-dev --train_iteration=500 --save_per_steps=200 --device="0" --output_dir="output/models/image//pixel/pixel_vtrain_image_wocfg_4.0eta_3.0ns_full_base_v1" --start_step=0 --end_step=27 --datasets_folder="datasets" --dataset="pixel" --source_folder="datasets/pixel/source" --target_folder="datasets/pixel/target" --guidance_scale=3.5 --cfg_eta=4 --noise_scale=3 
训练时间:20250413110058, man_vtrain_image_fm_4.0eta_3.0ns_full_base_v1
PYTHONPATH=".." python train_image_fm.py --lora_name="man_vtrain_image_fm_4.0eta_3.0ns_full_base_v1" --num_inference_steps=28 --pretrained_model_name_or_path=/home/haoguang/model/black-forest-labs/FLUX.1-dev --train_iteration=500 --save_per_steps=200 --device="1" --output_dir="output/models/image//man/man_vtrain_image_fm_4.0eta_3.0ns_full_base_v1" --start_step=0 --end_step=27 --datasets_folder="datasets" --dataset="man" --source_folder="datasets/man/source" --target_folder="datasets/man/target" --guidance_scale=3.5 --cfg_eta=4 --noise_scale=3 
训练完成:20250413105707, pixel_vtrain_image_wocfg_4.0eta_3.0ns_full_base_v1
训练时间:20250413105707, cat_compare_vtrain_image_wocfg_4.0eta_3.0ns_full_base_v1
PYTHONPATH=".." python train_image_wocfg.py --lora_name="cat_compare_vtrain_image_wocfg_4.0eta_3.0ns_full_base_v1" --num_inference_steps=28 --pretrained_model_name_or_path=/home/haoguang/model/black-forest-labs/FLUX.1-dev --train_iteration=500 --save_per_steps=200 --device="0" --output_dir="output/models/image//cat_compare/cat_compare_vtrain_image_wocfg_4.0eta_3.0ns_full_base_v1" --start_step=0 --end_step=27 --datasets_folder="datasets" --dataset="cat_compare" --source_folder="datasets/cat_compare/source" --target_folder="datasets/cat_compare/target" --guidance_scale=3.5 --cfg_eta=4 --noise_scale=3 
训练完成:20250413110058, man_vtrain_image_fm_4.0eta_3.0ns_full_base_v1
训练时间:20250413111723, pixel_vtrain_image_wocfg_4.0eta_3.0ns_full_base_v1
PYTHONPATH=".." python train_image_wocfg.py --lora_name="pixel_vtrain_image_wocfg_4.0eta_3.0ns_full_base_v1" --num_inference_steps=28 --pretrained_model_name_or_path=/home/haoguang/model/black-forest-labs/FLUX.1-dev --train_iteration=500 --save_per_steps=200 --device="0" --output_dir="output/models/image//pixel/pixel_vtrain_image_wocfg_4.0eta_3.0ns_full_base_v1" --start_step=0 --end_step=27 --datasets_folder="datasets" --dataset="pixel" --source_folder="datasets/pixel/source" --target_folder="datasets/pixel/target" --guidance_scale=3.5 --cfg_eta=4 --noise_scale=3 
训练时间:20250413111743, elf_vtrain_image_wocfg_4.0eta_3.0ns_full_base_v1
PYTHONPATH=".." python train_image_wocfg.py --lora_name="elf_vtrain_image_wocfg_4.0eta_3.0ns_full_base_v1" --num_inference_steps=28 --pretrained_model_name_or_path=/home/haoguang/model/black-forest-labs/FLUX.1-dev --train_iteration=500 --save_per_steps=200 --device="0" --output_dir="output/models/image//elf/elf_vtrain_image_wocfg_4.0eta_3.0ns_full_base_v1" --start_step=0 --end_step=27 --datasets_folder="datasets" --dataset="elf" --source_folder="datasets/elf/source" --target_folder="datasets/elf/target" --guidance_scale=3.5 --cfg_eta=4 --noise_scale=3 
训练完成:20250413111743, elf_vtrain_image_wocfg_4.0eta_3.0ns_full_base_v1
训练时间:20250413113053, elf_vtrain_image_wocfg_pair_4.0eta_3.0ns_full_base_v1
PYTHONPATH=".." python train_image_wocfg_pair.py --lora_name="elf_vtrain_image_wocfg_pair_4.0eta_3.0ns_full_base_v1" --num_inference_steps=28 --pretrained_model_name_or_path=/home/haoguang/model/black-forest-labs/FLUX.1-dev --train_iteration=500 --save_per_steps=200 --device="0" --output_dir="output/models/image//elf/elf_vtrain_image_wocfg_pair_4.0eta_3.0ns_full_base_v1" --start_step=0 --end_step=27 --datasets_folder="datasets" --dataset="elf" --source_folder="datasets/elf/source" --target_folder="datasets/elf/target" --guidance_scale=3.5 --cfg_eta=4 --noise_scale=3 
训练完成:20250413113053, elf_vtrain_image_wocfg_pair_4.0eta_3.0ns_full_base_v1
训练时间:20250413120517, elf_vtrain_image_wocfg_4.0eta_3.0ns_full_base_v1
PYTHONPATH=".." python train_image_wocfg.py --lora_name="elf_vtrain_image_wocfg_4.0eta_3.0ns_full_base_v1" --num_inference_steps=28 --pretrained_model_name_or_path=/home/haoguang/model/black-forest-labs/FLUX.1-dev --train_iteration=500 --save_per_steps=200 --device="0" --output_dir="output/models/image//elf/elf_vtrain_image_wocfg_4.0eta_3.0ns_full_base_v1" --start_step=0 --end_step=27 --datasets_folder="datasets" --dataset="elf" --source_folder="datasets/elf/source" --target_folder="datasets/elf/target" --guidance_scale=3.5 --cfg_eta=4 --noise_scale=3 
训练时间:20250413125002, real_person_610_vtrain_image_real_base_v1
PYTHONPATH=".." python train_image_real.py --lora_name="real_person_610_vtrain_image_real_base_v1" --num_inference_steps=28 --pretrained_model_name_or_path=/home/haoguang/model/black-forest-labs/FLUX.1-dev --train_iteration=2 --save_per_steps=200 --device="1" --output_dir="output/models/image//real_person/real_person_610_vtrain_image_real_base_v1" --start_step=0 --end_step=27 --datasets_folder="datasets" --dataset="real_person" --source_folder="datasets/real_person/source" --target_folder="datasets/real_person/target" --guidance_scale=3.5 --cfg_eta=4 --image_id=610 
训练时间:20250413125025, real_person_610_vtrain_image_real_base_v1
PYTHONPATH=".." python train_image_real.py --lora_name="real_person_610_vtrain_image_real_base_v1" --num_inference_steps=28 --pretrained_model_name_or_path=/home/haoguang/model/black-forest-labs/FLUX.1-dev --train_iteration=2 --save_per_steps=200 --device="1" --output_dir="output/models/image//real_person/real_person_610_vtrain_image_real_base_v1" --start_step=0 --end_step=27 --datasets_folder="datasets" --dataset="real_person" --source_folder="datasets/real_person/source" --target_folder="datasets/real_person/target" --guidance_scale=3.5 --cfg_eta=4 --image_id=610 
训练时间:20250413125128, real_person_610_vtrain_image_real_base_v1
PYTHONPATH=".." python train_image_real.py --lora_name="real_person_610_vtrain_image_real_base_v1" --num_inference_steps=28 --pretrained_model_name_or_path=/home/haoguang/model/black-forest-labs/FLUX.1-dev --train_iteration=2 --save_per_steps=200 --device="1" --output_dir="output/models/image//real_person/real_person_610_vtrain_image_real_base_v1" --start_step=0 --end_step=27 --datasets_folder="datasets" --dataset="real_person" --source_folder="datasets/real_person/source" --target_folder="datasets/real_person/target" --guidance_scale=3.5 --cfg_eta=4 --image_id=610 
训练时间:20250413125247, real_person_610_vtrain_image_real_base_v1
PYTHONPATH=".." python train_image_real.py --lora_name="real_person_610_vtrain_image_real_base_v1" --num_inference_steps=28 --pretrained_model_name_or_path=/home/haoguang/model/black-forest-labs/FLUX.1-dev --train_iteration=2 --save_per_steps=200 --device="1" --output_dir="output/models/image//real_person/real_person_610_vtrain_image_real_base_v1" --start_step=0 --end_step=27 --datasets_folder="datasets" --dataset="real_person" --source_folder="datasets/real_person/source" --target_folder="datasets/real_person/target" --guidance_scale=3.5 --cfg_eta=4 --image_id=610 
训练时间:20250413125329, real_person_610_vtrain_image_real_base_v1
PYTHONPATH=".." python train_image_real.py --lora_name="real_person_610_vtrain_image_real_base_v1" --num_inference_steps=28 --pretrained_model_name_or_path=/home/haoguang/model/black-forest-labs/FLUX.1-dev --train_iteration=2 --save_per_steps=200 --device="1" --output_dir="output/models/image//real_person/real_person_610_vtrain_image_real_base_v1" --start_step=0 --end_step=27 --datasets_folder="datasets" --dataset="real_person" --source_folder="datasets/real_person/source" --target_folder="datasets/real_person/target" --guidance_scale=3.5 --cfg_eta=4 --image_id=610 
训练时间:20250413125358, real_person_610_vtrain_image_real_base_v1
PYTHONPATH=".." python train_image_real.py --lora_name="real_person_610_vtrain_image_real_base_v1" --num_inference_steps=28 --pretrained_model_name_or_path=/home/haoguang/model/black-forest-labs/FLUX.1-dev --train_iteration=2 --save_per_steps=200 --device="1" --output_dir="output/models/image//real_person/real_person_610_vtrain_image_real_base_v1" --start_step=0 --end_step=27 --datasets_folder="datasets" --dataset="real_person" --source_folder="datasets/real_person/source" --target_folder="datasets/real_person/target" --guidance_scale=3.5 --cfg_eta=4 --image_id=610 
训练时间:20250413125455, real_person_610_vtrain_image_real_base_v1
PYTHONPATH=".." python train_image_real.py --lora_name="real_person_610_vtrain_image_real_base_v1" --num_inference_steps=28 --pretrained_model_name_or_path=/home/haoguang/model/black-forest-labs/FLUX.1-dev --train_iteration=2 --save_per_steps=200 --device="1" --output_dir="output/models/image//real_person/real_person_610_vtrain_image_real_base_v1" --start_step=0 --end_step=27 --datasets_folder="datasets" --dataset="real_person" --source_folder="datasets/real_person/source" --target_folder="datasets/real_person/target" --guidance_scale=3.5 --cfg_eta=4 --image_id=610 
训练完成:20250413125455, real_person_610_vtrain_image_real_base_v1
训练时间:20250413125455, real_person_1743_vtrain_image_real_base_v1
PYTHONPATH=".." python train_image_real.py --lora_name="real_person_1743_vtrain_image_real_base_v1" --num_inference_steps=28 --pretrained_model_name_or_path=/home/haoguang/model/black-forest-labs/FLUX.1-dev --train_iteration=2 --save_per_steps=200 --device="1" --output_dir="output/models/image//real_person/real_person_1743_vtrain_image_real_base_v1" --start_step=0 --end_step=27 --datasets_folder="datasets" --dataset="real_person" --source_folder="datasets/real_person/source" --target_folder="datasets/real_person/target" --guidance_scale=3.5 --cfg_eta=4 --image_id=1743 
训练完成:20250413125455, real_person_1743_vtrain_image_real_base_v1
训练时间:20250413161642, elf_vtrain_image_4.0eta_1.0ns_full_base_v1
PYTHONPATH=".." python train_image.py --lora_name="elf_vtrain_image_4.0eta_1.0ns_full_base_v1" --num_inference_steps=28 --pretrained_model_name_or_path=/home/haoguang/model/black-forest-labs/FLUX.1-dev --train_iteration=500 --save_per_steps=200 --device="1" --output_dir="output/models/image//elf/elf_vtrain_image_4.0eta_1.0ns_full_base_v1" --start_step=0 --end_step=27 --datasets_folder="datasets" --dataset="elf" --source_folder="datasets/elf/source" --target_folder="datasets/elf/target" --guidance_scale=3.5 --cfg_eta=4 --noise_scale=1 
训练完成:20250413161642, elf_vtrain_image_4.0eta_1.0ns_full_base_v1
训练时间:20250414192416, elf_vtrain_image_4.0eta_1.0ns_full_base_v1
PYTHONPATH=".." python train_image.py --lora_name="elf_vtrain_image_4.0eta_1.0ns_full_base_v1" --num_inference_steps=28 --pretrained_model_name_or_path=/home/haoguang/model/black-forest-labs/FLUX.1-dev --train_iteration=1500 --save_per_steps=200 --device="1" --output_dir="output/models/image//elf/elf_vtrain_image_4.0eta_1.0ns_full_base_v1" --start_step=0 --end_step=27 --datasets_folder="datasets" --dataset="elf" --source_folder="datasets/elf/source" --target_folder="datasets/elf/target" --guidance_scale=3.5 --cfg_eta=4 --noise_scale=1 
训练时间:20250414192450, elf_vtrain_image_4.0eta_1.0ns_full_base_v1
PYTHONPATH=".." python train_image.py --lora_name="elf_vtrain_image_4.0eta_1.0ns_full_base_v1" --num_inference_steps=28 --pretrained_model_name_or_path=/home/haoguang/model/black-forest-labs/FLUX.1-dev --train_iteration=1500 --save_per_steps=200 --device="1" --output_dir="output/models/image//elf/elf_vtrain_image_4.0eta_1.0ns_full_base_v1" --start_step=0 --end_step=27 --datasets_folder="datasets" --dataset="elf" --source_folder="datasets/elf/source" --target_folder="datasets/elf/target" --guidance_scale=3.5 --cfg_eta=4 --noise_scale=1 
训练完成:20250414192450, elf_vtrain_image_4.0eta_1.0ns_full_base_v1
训练时间:20250414192450, elf_vtrain_image_4.0eta_0.8ns_full_base_v1
PYTHONPATH=".." python train_image.py --lora_name="elf_vtrain_image_4.0eta_0.8ns_full_base_v1" --num_inference_steps=28 --pretrained_model_name_or_path=/home/haoguang/model/black-forest-labs/FLUX.1-dev --train_iteration=1500 --save_per_steps=200 --device="1" --output_dir="output/models/image//elf/elf_vtrain_image_4.0eta_0.8ns_full_base_v1" --start_step=0 --end_step=27 --datasets_folder="datasets" --dataset="elf" --source_folder="datasets/elf/source" --target_folder="datasets/elf/target" --guidance_scale=3.5 --cfg_eta=4 --noise_scale=0.8 
训练完成:20250414192450, elf_vtrain_image_4.0eta_0.8ns_full_base_v1
训练时间:20250414192450, elf_vtrain_image_4.0eta_1.0ns_full_base_v2
PYTHONPATH=".." python train_image.py --lora_name="elf_vtrain_image_4.0eta_1.0ns_full_base_v2" --num_inference_steps=28 --pretrained_model_name_or_path=/home/haoguang/model/black-forest-labs/FLUX.1-dev --train_iteration=1500 --save_per_steps=200 --device="1" --output_dir="output/models/image//elf/elf_vtrain_image_4.0eta_1.0ns_full_base_v2" --start_step=0 --end_step=27 --datasets_folder="datasets" --dataset="elf" --source_folder="datasets/elf/source" --target_folder="datasets/elf/target" --guidance_scale=3.5 --cfg_eta=4 --noise_scale=1 
训练完成:20250414192450, elf_vtrain_image_4.0eta_1.0ns_full_base_v2
训练时间:20250414192450, elf_vtrain_image_4.0eta_0.8ns_full_base_v2
PYTHONPATH=".." python train_image.py --lora_name="elf_vtrain_image_4.0eta_0.8ns_full_base_v2" --num_inference_steps=28 --pretrained_model_name_or_path=/home/haoguang/model/black-forest-labs/FLUX.1-dev --train_iteration=1500 --save_per_steps=200 --device="1" --output_dir="output/models/image//elf/elf_vtrain_image_4.0eta_0.8ns_full_base_v2" --start_step=0 --end_step=27 --datasets_folder="datasets" --dataset="elf" --source_folder="datasets/elf/source" --target_folder="datasets/elf/target" --guidance_scale=3.5 --cfg_eta=4 --noise_scale=0.8 
训练完成:20250414192450, elf_vtrain_image_4.0eta_0.8ns_full_base_v2
训练时间:20250418164028, age_vtrain_image_4.0eta_1.0ns_full_base_v1
PYTHONPATH=".." python train_image.py --lora_name="age_vtrain_image_4.0eta_1.0ns_full_base_v1" --num_inference_steps=28 --pretrained_model_name_or_path=/home/haoguang/model/black-forest-labs/FLUX.1-dev --train_iteration=500 --save_per_steps=200 --device="3" --output_dir="output/models/image//age/age_vtrain_image_4.0eta_1.0ns_full_base_v1" --start_step=0 --end_step=27 --datasets_folder="datasets" --dataset="age" --source_folder="datasets/age/source" --target_folder="datasets/age/target" --guidance_scale=3.5 --cfg_eta=4 --noise_scale=1 
训练完成:20250418164028, age_vtrain_image_4.0eta_1.0ns_full_base_v1
训练时间:20250418165539, age_vtrain_image_4.0eta_1.0ns_full_base_v2
PYTHONPATH=".." python train_image.py --lora_name="age_vtrain_image_4.0eta_1.0ns_full_base_v2" --num_inference_steps=28 --pretrained_model_name_or_path=/home/haoguang/model/black-forest-labs/FLUX.1-dev --train_iteration=500 --save_per_steps=200 --device="3" --output_dir="output/models/image//age/age_vtrain_image_4.0eta_1.0ns_full_base_v2" --start_step=0 --end_step=27 --datasets_folder="datasets" --dataset="age" --source_folder="datasets/age/source" --target_folder="datasets/age/target" --guidance_scale=3.5 --cfg_eta=4 --noise_scale=1 
训练完成:20250418165539, age_vtrain_image_4.0eta_1.0ns_full_base_v2
训练时间:20250418165539, age_vtrain_image_4.0eta_1.0ns_full_base_v3
PYTHONPATH=".." python train_image.py --lora_name="age_vtrain_image_4.0eta_1.0ns_full_base_v3" --num_inference_steps=28 --pretrained_model_name_or_path=/home/haoguang/model/black-forest-labs/FLUX.1-dev --train_iteration=500 --save_per_steps=200 --device="3" --output_dir="output/models/image//age/age_vtrain_image_4.0eta_1.0ns_full_base_v3" --start_step=0 --end_step=27 --datasets_folder="datasets" --dataset="age" --source_folder="datasets/age/source" --target_folder="datasets/age/target" --guidance_scale=3.5 --cfg_eta=4 --noise_scale=1 
训练完成:20250418165539, age_vtrain_image_4.0eta_1.0ns_full_base_v3
训练时间:20250418172020, smile_vtrain_image_4.0eta_1.0ns_full_base_v1
PYTHONPATH=".." python train_image.py --lora_name="smile_vtrain_image_4.0eta_1.0ns_full_base_v1" --num_inference_steps=28 --pretrained_model_name_or_path=/home/haoguang/model/black-forest-labs/FLUX.1-dev --train_iteration=500 --save_per_steps=200 --device="3" --output_dir="output/models/image//smile/smile_vtrain_image_4.0eta_1.0ns_full_base_v1" --start_step=0 --end_step=27 --datasets_folder="datasets" --dataset="smile" --source_folder="datasets/smile/source" --target_folder="datasets/smile/target" --guidance_scale=3.5 --cfg_eta=4 --noise_scale=1 
训练完成:20250418172020, smile_vtrain_image_4.0eta_1.0ns_full_base_v1
训练时间:20250418172020, smile_vtrain_image_4.0eta_1.0ns_full_base_v2
PYTHONPATH=".." python train_image.py --lora_name="smile_vtrain_image_4.0eta_1.0ns_full_base_v2" --num_inference_steps=28 --pretrained_model_name_or_path=/home/haoguang/model/black-forest-labs/FLUX.1-dev --train_iteration=500 --save_per_steps=200 --device="3" --output_dir="output/models/image//smile/smile_vtrain_image_4.0eta_1.0ns_full_base_v2" --start_step=0 --end_step=27 --datasets_folder="datasets" --dataset="smile" --source_folder="datasets/smile/source" --target_folder="datasets/smile/target" --guidance_scale=3.5 --cfg_eta=4 --noise_scale=1 
训练完成:20250418172020, smile_vtrain_image_4.0eta_1.0ns_full_base_v2
训练时间:20250418172020, smile_vtrain_image_4.0eta_1.0ns_full_base_v3
PYTHONPATH=".." python train_image.py --lora_name="smile_vtrain_image_4.0eta_1.0ns_full_base_v3" --num_inference_steps=28 --pretrained_model_name_or_path=/home/haoguang/model/black-forest-labs/FLUX.1-dev --train_iteration=500 --save_per_steps=200 --device="3" --output_dir="output/models/image//smile/smile_vtrain_image_4.0eta_1.0ns_full_base_v3" --start_step=0 --end_step=27 --datasets_folder="datasets" --dataset="smile" --source_folder="datasets/smile/source" --target_folder="datasets/smile/target" --guidance_scale=3.5 --cfg_eta=4 --noise_scale=1 
训练时间:20250418174503, age_vtrain_image_4.0eta_3.0ns_full_base_v1
PYTHONPATH=".." python train_image.py --lora_name="age_vtrain_image_4.0eta_3.0ns_full_base_v1" --num_inference_steps=28 --pretrained_model_name_or_path=/home/haoguang/model/black-forest-labs/FLUX.1-dev --train_iteration=500 --save_per_steps=200 --device="1" --output_dir="output/models/image//age/age_vtrain_image_4.0eta_3.0ns_full_base_v1" --start_step=0 --end_step=27 --datasets_folder="datasets" --dataset="age" --source_folder="datasets/age/source" --target_folder="datasets/age/target" --guidance_scale=3.5 --cfg_eta=4 --noise_scale=3 
训练完成:20250418172020, smile_vtrain_image_4.0eta_1.0ns_full_base_v3
训练完成:20250418174503, age_vtrain_image_4.0eta_3.0ns_full_base_v1
训练时间:20250418174503, age_vtrain_image_4.0eta_3.0ns_full_base_v2
PYTHONPATH=".." python train_image.py --lora_name="age_vtrain_image_4.0eta_3.0ns_full_base_v2" --num_inference_steps=28 --pretrained_model_name_or_path=/home/haoguang/model/black-forest-labs/FLUX.1-dev --train_iteration=500 --save_per_steps=200 --device="1" --output_dir="output/models/image//age/age_vtrain_image_4.0eta_3.0ns_full_base_v2" --start_step=0 --end_step=27 --datasets_folder="datasets" --dataset="age" --source_folder="datasets/age/source" --target_folder="datasets/age/target" --guidance_scale=3.5 --cfg_eta=4 --noise_scale=3 
训练完成:20250418174503, age_vtrain_image_4.0eta_3.0ns_full_base_v2
训练时间:20250418174503, age_vtrain_image_4.0eta_3.0ns_full_base_v3
PYTHONPATH=".." python train_image.py --lora_name="age_vtrain_image_4.0eta_3.0ns_full_base_v3" --num_inference_steps=28 --pretrained_model_name_or_path=/home/haoguang/model/black-forest-labs/FLUX.1-dev --train_iteration=500 --save_per_steps=200 --device="1" --output_dir="output/models/image//age/age_vtrain_image_4.0eta_3.0ns_full_base_v3" --start_step=0 --end_step=27 --datasets_folder="datasets" --dataset="age" --source_folder="datasets/age/source" --target_folder="datasets/age/target" --guidance_scale=3.5 --cfg_eta=4 --noise_scale=3 
训练完成:20250418174503, age_vtrain_image_4.0eta_3.0ns_full_base_v3
训练时间:20250418181555, age_vtrain_image_4.0eta_2.0ns_full_base_v1
PYTHONPATH=".." python train_image.py --lora_name="age_vtrain_image_4.0eta_2.0ns_full_base_v1" --num_inference_steps=28 --pretrained_model_name_or_path=/home/haoguang/model/black-forest-labs/FLUX.1-dev --train_iteration=500 --save_per_steps=200 --device="1" --output_dir="output/models/image//age/age_vtrain_image_4.0eta_2.0ns_full_base_v1" --start_step=0 --end_step=27 --datasets_folder="datasets" --dataset="age" --source_folder="datasets/age/source" --target_folder="datasets/age/target" --guidance_scale=3.5 --cfg_eta=4 --noise_scale=2 
训练完成:20250418181555, age_vtrain_image_4.0eta_2.0ns_full_base_v1
训练时间:20250418181555, age_vtrain_image_4.0eta_2.0ns_full_base_v2
PYTHONPATH=".." python train_image.py --lora_name="age_vtrain_image_4.0eta_2.0ns_full_base_v2" --num_inference_steps=28 --pretrained_model_name_or_path=/home/haoguang/model/black-forest-labs/FLUX.1-dev --train_iteration=500 --save_per_steps=200 --device="1" --output_dir="output/models/image//age/age_vtrain_image_4.0eta_2.0ns_full_base_v2" --start_step=0 --end_step=27 --datasets_folder="datasets" --dataset="age" --source_folder="datasets/age/source" --target_folder="datasets/age/target" --guidance_scale=3.5 --cfg_eta=4 --noise_scale=2 
训练完成:20250418181555, age_vtrain_image_4.0eta_2.0ns_full_base_v2
训练时间:20250418181555, age_vtrain_image_4.0eta_2.0ns_full_base_v3
PYTHONPATH=".." python train_image.py --lora_name="age_vtrain_image_4.0eta_2.0ns_full_base_v3" --num_inference_steps=28 --pretrained_model_name_or_path=/home/haoguang/model/black-forest-labs/FLUX.1-dev --train_iteration=500 --save_per_steps=200 --device="1" --output_dir="output/models/image//age/age_vtrain_image_4.0eta_2.0ns_full_base_v3" --start_step=0 --end_step=27 --datasets_folder="datasets" --dataset="age" --source_folder="datasets/age/source" --target_folder="datasets/age/target" --guidance_scale=3.5 --cfg_eta=4 --noise_scale=2 
训练完成:20250418181555, age_vtrain_image_4.0eta_2.0ns_full_base_v3
训练时间:20250420170427, eye_vtrain_image_2.0eta_2.0ns_full_base_v1
PYTHONPATH=".." python train_image.py --lora_name="eye_vtrain_image_2.0eta_2.0ns_full_base_v1" --num_inference_steps=28 --pretrained_model_name_or_path=/home/haoguang/model/black-forest-labs/FLUX.1-dev --train_iteration=500 --save_per_steps=200 --device="2" --output_dir="output/models/image//eye/eye_vtrain_image_2.0eta_2.0ns_full_base_v1" --start_step=0 --end_step=27 --datasets_folder="datasets" --dataset="eye" --source_folder="datasets/eye/source" --target_folder="datasets/eye/target" --guidance_scale=3.5 --cfg_eta=2 --noise_scale=2 
训练时间:20250420170513, eye_vtrain_image_2.0eta_0.6ns_full_base_v1
PYTHONPATH=".." python train_image.py --lora_name="eye_vtrain_image_2.0eta_0.6ns_full_base_v1" --num_inference_steps=28 --pretrained_model_name_or_path=/home/haoguang/model/black-forest-labs/FLUX.1-dev --train_iteration=1500 --save_per_steps=500 --device="2" --output_dir="output/models/image//eye/eye_vtrain_image_2.0eta_0.6ns_full_base_v1" --start_step=0 --end_step=27 --datasets_folder="datasets" --dataset="eye" --source_folder="datasets/eye/source" --target_folder="datasets/eye/target" --guidance_scale=3.5 --cfg_eta=2 --noise_scale=0.6 
训练时间:20250420170541, eye_vtrain_image_2.0eta_0.6ns_full_base_v1
PYTHONPATH=".." python train_image.py --lora_name="eye_vtrain_image_2.0eta_0.6ns_full_base_v1" --num_inference_steps=28 --pretrained_model_name_or_path=/home/haoguang/model/black-forest-labs/FLUX.1-dev --train_iteration=1500 --save_per_steps=500 --device="2" --output_dir="output/models/image//eye/eye_vtrain_image_2.0eta_0.6ns_full_base_v1" --start_step=0 --end_step=27 --datasets_folder="datasets" --dataset="eye" --source_folder="datasets/eye/source" --target_folder="datasets/eye/target" --guidance_scale=3.5 --cfg_eta=2 --noise_scale=0.6 
训练完成:20250420170541, eye_vtrain_image_2.0eta_0.6ns_full_base_v1
训练时间:20250420170541, eye_vtrain_image_2.0eta_2.0ns_full_base_v1
PYTHONPATH=".." python train_image.py --lora_name="eye_vtrain_image_2.0eta_2.0ns_full_base_v1" --num_inference_steps=28 --pretrained_model_name_or_path=/home/haoguang/model/black-forest-labs/FLUX.1-dev --train_iteration=1500 --save_per_steps=500 --device="2" --output_dir="output/models/image//eye/eye_vtrain_image_2.0eta_2.0ns_full_base_v1" --start_step=0 --end_step=27 --datasets_folder="datasets" --dataset="eye" --source_folder="datasets/eye/source" --target_folder="datasets/eye/target" --guidance_scale=3.5 --cfg_eta=2 --noise_scale=2 
训练完成:20250420170541, eye_vtrain_image_2.0eta_2.0ns_full_base_v1
训练时间:20250420170541, eye_vtrain_image_2.0eta_0.6ns_full_base_v2
PYTHONPATH=".." python train_image.py --lora_name="eye_vtrain_image_2.0eta_0.6ns_full_base_v2" --num_inference_steps=28 --pretrained_model_name_or_path=/home/haoguang/model/black-forest-labs/FLUX.1-dev --train_iteration=1500 --save_per_steps=500 --device="2" --output_dir="output/models/image//eye/eye_vtrain_image_2.0eta_0.6ns_full_base_v2" --start_step=0 --end_step=27 --datasets_folder="datasets" --dataset="eye" --source_folder="datasets/eye/source" --target_folder="datasets/eye/target" --guidance_scale=3.5 --cfg_eta=2 --noise_scale=0.6 
训练完成:20250420170541, eye_vtrain_image_2.0eta_0.6ns_full_base_v2
训练时间:20250420170541, eye_vtrain_image_2.0eta_2.0ns_full_base_v2
PYTHONPATH=".." python train_image.py --lora_name="eye_vtrain_image_2.0eta_2.0ns_full_base_v2" --num_inference_steps=28 --pretrained_model_name_or_path=/home/haoguang/model/black-forest-labs/FLUX.1-dev --train_iteration=1500 --save_per_steps=500 --device="2" --output_dir="output/models/image//eye/eye_vtrain_image_2.0eta_2.0ns_full_base_v2" --start_step=0 --end_step=27 --datasets_folder="datasets" --dataset="eye" --source_folder="datasets/eye/source" --target_folder="datasets/eye/target" --guidance_scale=3.5 --cfg_eta=2 --noise_scale=2 
训练完成:20250420170541, eye_vtrain_image_2.0eta_2.0ns_full_base_v2
训练时间:20250420170541, eye_vtrain_image_2.0eta_0.6ns_full_base_v3
PYTHONPATH=".." python train_image.py --lora_name="eye_vtrain_image_2.0eta_0.6ns_full_base_v3" --num_inference_steps=28 --pretrained_model_name_or_path=/home/haoguang/model/black-forest-labs/FLUX.1-dev --train_iteration=1500 --save_per_steps=500 --device="2" --output_dir="output/models/image//eye/eye_vtrain_image_2.0eta_0.6ns_full_base_v3" --start_step=0 --end_step=27 --datasets_folder="datasets" --dataset="eye" --source_folder="datasets/eye/source" --target_folder="datasets/eye/target" --guidance_scale=3.5 --cfg_eta=2 --noise_scale=0.6 
训练完成:20250420170541, eye_vtrain_image_2.0eta_0.6ns_full_base_v3
训练时间:20250420170541, eye_vtrain_image_2.0eta_2.0ns_full_base_v3
PYTHONPATH=".." python train_image.py --lora_name="eye_vtrain_image_2.0eta_2.0ns_full_base_v3" --num_inference_steps=28 --pretrained_model_name_or_path=/home/haoguang/model/black-forest-labs/FLUX.1-dev --train_iteration=1500 --save_per_steps=500 --device="2" --output_dir="output/models/image//eye/eye_vtrain_image_2.0eta_2.0ns_full_base_v3" --start_step=0 --end_step=27 --datasets_folder="datasets" --dataset="eye" --source_folder="datasets/eye/source" --target_folder="datasets/eye/target" --guidance_scale=3.5 --cfg_eta=2 --noise_scale=2 
训练完成:20250420170541, eye_vtrain_image_2.0eta_2.0ns_full_base_v3
训练时间:20250420200010, eye_vtrain_image_fm_4.0eta_1.0ns_full_base_v1
PYTHONPATH=".." python train_image_fm.py --lora_name="eye_vtrain_image_fm_4.0eta_1.0ns_full_base_v1" --num_inference_steps=28 --pretrained_model_name_or_path=/home/haoguang/model/black-forest-labs/FLUX.1-dev --train_iteration=500 --save_per_steps=200 --device="2" --output_dir="output/models/image//eye/eye_vtrain_image_fm_4.0eta_1.0ns_full_base_v1" --start_step=0 --end_step=27 --datasets_folder="datasets" --dataset="eye" --source_folder="datasets/eye/source" --target_folder="datasets/eye/target" --guidance_scale=3.5 --cfg_eta=4 --noise_scale=1 
训练完成:20250420200010, eye_vtrain_image_fm_4.0eta_1.0ns_full_base_v1
训练时间:20250420202412, eye_vtrain_image_4.0eta_3.0ns_full_base_v1
PYTHONPATH=".." python train_image.py --lora_name="eye_vtrain_image_4.0eta_3.0ns_full_base_v1" --num_inference_steps=28 --pretrained_model_name_or_path=/home/haoguang/model/black-forest-labs/FLUX.1-dev --train_iteration=500 --save_per_steps=500 --device="2" --output_dir="output/models/image//eye/eye_vtrain_image_4.0eta_3.0ns_full_base_v1" --start_step=0 --end_step=27 --datasets_folder="datasets" --dataset="eye" --source_folder="datasets/eye/source" --target_folder="datasets/eye/target" --guidance_scale=3.5 --cfg_eta=4 --noise_scale=3 
训练完成:20250420202412, eye_vtrain_image_4.0eta_3.0ns_full_base_v1
训练时间:20250420203840, eye_vtrain_image_4.0eta_0.8ns_full_base_v1
PYTHONPATH=".." python train_image.py --lora_name="eye_vtrain_image_4.0eta_0.8ns_full_base_v1" --num_inference_steps=28 --pretrained_model_name_or_path=/home/haoguang/model/black-forest-labs/FLUX.1-dev --train_iteration=500 --save_per_steps=500 --device="2" --output_dir="output/models/image//eye/eye_vtrain_image_4.0eta_0.8ns_full_base_v1" --start_step=0 --end_step=27 --datasets_folder="datasets" --dataset="eye" --source_folder="datasets/eye/source" --target_folder="datasets/eye/target" --guidance_scale=3.5 --cfg_eta=4 --noise_scale=0.8 
训练完成:20250420203840, eye_vtrain_image_4.0eta_0.8ns_full_base_v1
训练时间:20250420205850, eye_vtrain_image_4.0eta_0.8ns_full_base_v1
PYTHONPATH=".." python train_image.py --lora_name="eye_vtrain_image_4.0eta_0.8ns_full_base_v1" --num_inference_steps=28 --pretrained_model_name_or_path=/home/haoguang/model/black-forest-labs/FLUX.1-dev --train_iteration=1500 --save_per_steps=500 --device="2" --output_dir="output/models/image//eye/eye_vtrain_image_4.0eta_0.8ns_full_base_v1" --start_step=0 --end_step=27 --datasets_folder="datasets" --dataset="eye" --source_folder="datasets/eye/source" --target_folder="datasets/eye/target" --guidance_scale=3.5 --cfg_eta=4 --noise_scale=0.8 
训练完成:20250420205850, eye_vtrain_image_4.0eta_0.8ns_full_base_v1
训练时间:20250421121949, dog_style_vtrain_image_4.0eta_2.0ns_full_base_v1
PYTHONPATH=".." python train_image.py --lora_name="dog_style_vtrain_image_4.0eta_2.0ns_full_base_v1" --num_inference_steps=28 --pretrained_model_name_or_path=/home/haoguang/model/black-forest-labs/FLUX.1-dev --train_iteration=500 --save_per_steps=500 --device="3" --output_dir="output/models/image//dog_style/dog_style_vtrain_image_4.0eta_2.0ns_full_base_v1" --start_step=0 --end_step=27 --datasets_folder="datasets" --dataset="dog_style" --source_folder="datasets/dog_style/source" --target_folder="datasets/dog_style/target" --guidance_scale=3.5 --cfg_eta=4 --noise_scale=2 
训练时间:20250421122443, dog_style_vtrain_image_4.0eta_2.0ns_full_base_v1
PYTHONPATH=".." python train_image.py --lora_name="dog_style_vtrain_image_4.0eta_2.0ns_full_base_v1" --num_inference_steps=28 --pretrained_model_name_or_path=/home/haoguang/model/black-forest-labs/FLUX.1-dev --train_iteration=500 --save_per_steps=500 --device="3" --output_dir="output/models/image//dog_style/dog_style_vtrain_image_4.0eta_2.0ns_full_base_v1" --start_step=0 --end_step=27 --datasets_folder="datasets" --dataset="dog_style" --source_folder="datasets/dog_style/source" --target_folder="datasets/dog_style/target" --guidance_scale=3.5 --cfg_eta=4 --noise_scale=2 
训练时间:20250421122633, dog_style_vtrain_image_4.0eta_2.0ns_full_base_v1
PYTHONPATH=".." python train_image.py --lora_name="dog_style_vtrain_image_4.0eta_2.0ns_full_base_v1" --num_inference_steps=28 --pretrained_model_name_or_path=/home/haoguang/model/black-forest-labs/FLUX.1-dev --train_iteration=500 --save_per_steps=500 --device="3" --output_dir="output/models/image//dog_style/dog_style_vtrain_image_4.0eta_2.0ns_full_base_v1" --start_step=0 --end_step=27 --datasets_folder="datasets" --dataset="dog_style" --source_folder="datasets/dog_style/source" --target_folder="datasets/dog_style/target" --guidance_scale=3.5 --cfg_eta=4 --noise_scale=2 
训练完成:20250421122633, dog_style_vtrain_image_4.0eta_2.0ns_full_base_v1
训练时间:20250421123949, dog_style_vtrain_image_4.0eta_1.0ns_full_base_v1
PYTHONPATH=".." python train_image.py --lora_name="dog_style_vtrain_image_4.0eta_1.0ns_full_base_v1" --num_inference_steps=28 --pretrained_model_name_or_path=/home/haoguang/model/black-forest-labs/FLUX.1-dev --train_iteration=500 --save_per_steps=500 --device="3" --output_dir="output/models/image//dog_style/dog_style_vtrain_image_4.0eta_1.0ns_full_base_v1" --start_step=0 --end_step=27 --datasets_folder="datasets" --dataset="dog_style" --source_folder="datasets/dog_style/source" --target_folder="datasets/dog_style/target" --guidance_scale=3.5 --cfg_eta=4 --noise_scale=1 
训练完成:20250421123949, dog_style_vtrain_image_4.0eta_1.0ns_full_base_v1
训练时间:20250421124928, dog_style_vtrain_image_4.0eta_1.0ns_full_base_v1
PYTHONPATH=".." python train_image.py --lora_name="dog_style_vtrain_image_4.0eta_1.0ns_full_base_v1" --num_inference_steps=28 --pretrained_model_name_or_path=/home/haoguang/model/black-forest-labs/FLUX.1-dev --train_iteration=500 --save_per_steps=500 --device="3" --output_dir="output/models/image//dog_style/dog_style_vtrain_image_4.0eta_1.0ns_full_base_v1" --start_step=0 --end_step=27 --datasets_folder="datasets" --dataset="dog_style" --source_folder="datasets/dog_style/source" --target_folder="datasets/dog_style/target" --guidance_scale=3.5 --cfg_eta=4 --noise_scale=1 
训练时间:20250521220645, dog_style_vtrain_image_4.0eta_1.0ns_full_base_v1
PYTHONPATH=".." python train_image.py --lora_name="dog_style_vtrain_image_4.0eta_1.0ns_full_base_v1" --num_inference_steps=28 --pretrained_model_name_or_path=/home/haoguang/model/black-forest-labs/FLUX.1-dev --train_iteration=500 --save_per_steps=500 --device="3" --output_dir="output/models/image//dog_style/dog_style_vtrain_image_4.0eta_1.0ns_full_base_v1" --start_step=0 --end_step=27 --datasets_folder="datasets" --dataset="dog_style" --source_folder="datasets/dog_style/source" --target_folder="datasets/dog_style/target" --guidance_scale=3.5 --cfg_eta=4 --noise_scale=1 
训练时间:20250521225240, dog_style_vtrain_image_4.0eta_1.0ns_full_base_v1
PYTHONPATH=".." python train_image.py --lora_name="dog_style_vtrain_image_4.0eta_1.0ns_full_base_v1" --num_inference_steps=28 --pretrained_model_name_or_path=/home/haoguang/model/black-forest-labs/FLUX.1-dev --train_iteration=500 --save_per_steps=500 --device="3" --output_dir="output/models/image//dog_style/dog_style_vtrain_image_4.0eta_1.0ns_full_base_v1" --start_step=0 --end_step=27 --datasets_folder="datasets" --dataset="dog_style" --source_folder="datasets/dog_style/source" --target_folder="datasets/dog_style/target" --guidance_scale=3.5 --cfg_eta=4 --noise_scale=1 
训练时间:20250521225334, dog_style_vtrain_image_4.0eta_1.0ns_full_base_v1
PYTHONPATH=".." python train_image.py --lora_name="dog_style_vtrain_image_4.0eta_1.0ns_full_base_v1" --num_inference_steps=28 --pretrained_model_name_or_path=/disks/sata5/public/FLUX.1-dev --train_iteration=500 --save_per_steps=500 --device="3" --output_dir="output/models/image//dog_style/dog_style_vtrain_image_4.0eta_1.0ns_full_base_v1" --start_step=0 --end_step=27 --datasets_folder="datasets" --dataset="dog_style" --source_folder="datasets/dog_style/source" --target_folder="datasets/dog_style/target" --guidance_scale=3.5 --cfg_eta=4 --noise_scale=1 
训练时间:20250521225858, dog_style_vtrain_image_4.0eta_1.0ns_full_base_v1
PYTHONPATH=".." python train_image.py --lora_name="dog_style_vtrain_image_4.0eta_1.0ns_full_base_v1" --num_inference_steps=28 --pretrained_model_name_or_path=/disks/sata5/public/FLUX.1-dev --train_iteration=500 --save_per_steps=500 --device="3" --output_dir="output/models/image//dog_style/dog_style_vtrain_image_4.0eta_1.0ns_full_base_v1" --start_step=0 --end_step=27 --datasets_folder="datasets" --dataset="dog_style" --source_folder="datasets/dog_style/source" --target_folder="datasets/dog_style/target" --guidance_scale=3.5 --cfg_eta=4 --noise_scale=1 
训练时间:20250521230640, dog_style_vtrain_image_4.0eta_1.0ns_full_base_v1
PYTHONPATH=".." python train_image.py --lora_name="dog_style_vtrain_image_4.0eta_1.0ns_full_base_v1" --num_inference_steps=28 --pretrained_model_name_or_path=/disks/sata5/public/FLUX.1-dev --train_iteration=500 --save_per_steps=500 --device="3" --output_dir="output/models/image//dog_style/dog_style_vtrain_image_4.0eta_1.0ns_full_base_v1" --start_step=0 --end_step=27 --datasets_folder="datasets" --dataset="dog_style" --source_folder="datasets/dog_style/source" --target_folder="datasets/dog_style/target" --guidance_scale=3.5 --cfg_eta=4 --noise_scale=1 
训练时间:20250521230832, dog_style_vtrain_image_4.0eta_1.0ns_full_base_v1
PYTHONPATH=".." python train_image.py --lora_name="dog_style_vtrain_image_4.0eta_1.0ns_full_base_v1" --num_inference_steps=28 --pretrained_model_name_or_path=/disks/sata5/public/FLUX.1-dev --train_iteration=500 --save_per_steps=500 --device="3" --output_dir="output/models/image//dog_style/dog_style_vtrain_image_4.0eta_1.0ns_full_base_v1" --start_step=0 --end_step=27 --datasets_folder="datasets" --dataset="dog_style" --source_folder="datasets/dog_style/source" --target_folder="datasets/dog_style/target" --guidance_scale=3.5 --cfg_eta=4 --noise_scale=1 
训练时间:20250521231520, age_vtrain_image_4.0eta_1.0ns_full_base_v1
PYTHONPATH=".." python train_image.py --lora_name="age_vtrain_image_4.0eta_1.0ns_full_base_v1" --num_inference_steps=28 --pretrained_model_name_or_path=/disks/sata5/public/FLUX.1-dev --train_iteration=500 --save_per_steps=500 --device="3" --output_dir="output/models/image//age/age_vtrain_image_4.0eta_1.0ns_full_base_v1" --start_step=0 --end_step=27 --datasets_folder="datasets" --dataset="age" --source_folder="datasets/age/source" --target_folder="datasets/age/target" --guidance_scale=3.5 --cfg_eta=4 --noise_scale=1 
训练时间:20250521231712, age_vtrain_image_4.0eta_1.0ns_full_base_v1
PYTHONPATH=".." python train_image.py --lora_name="age_vtrain_image_4.0eta_1.0ns_full_base_v1" --num_inference_steps=28 --pretrained_model_name_or_path=/disks/sata5/public/FLUX.1-dev --train_iteration=500 --save_per_steps=500 --device="3" --output_dir="output/models/image//age/age_vtrain_image_4.0eta_1.0ns_full_base_v1" --start_step=0 --end_step=27 --datasets_folder="datasets" --dataset="age" --source_folder="datasets/age/source" --target_folder="datasets/age/target" --guidance_scale=3.5 --cfg_eta=4 --noise_scale=1 
训练完成:20250521231712, age_vtrain_image_4.0eta_1.0ns_full_base_v1
训练时间:20250522002704, age_vtrain_image_4.0eta_1.0ns_full_base_v1
PYTHONPATH=".." python train_image.py --lora_name="age_vtrain_image_4.0eta_1.0ns_full_base_v1" --num_inference_steps=28 --pretrained_model_name_or_path=/disks/sata5/public/FLUX.1-dev --train_iteration=500 --save_per_steps=500 --device="3" --output_dir="output/models/image//age/age_vtrain_image_4.0eta_1.0ns_full_base_v1" --start_step=0 --end_step=27 --datasets_folder="datasets" --dataset="age" --source_folder="datasets/age/source" --target_folder="datasets/age/target" --guidance_scale=3.5 --cfg_eta=4 --noise_scale=1 
训练时间:20250522155840, age_vtrain_image_4.0eta_1.0ns_full_base_v1
PYTHONPATH=".." python train_image.py --lora_name="age_vtrain_image_4.0eta_1.0ns_full_base_v1" --num_inference_steps=28 --pretrained_model_name_or_path=/disks/sata5/public/FLUX.1-dev --train_iteration=500 --save_per_steps=500 --device="3" --output_dir="output/models/image//age/age_vtrain_image_4.0eta_1.0ns_full_base_v1" --start_step=0 --end_step=27 --datasets_folder="datasets" --dataset="age" --source_folder="datasets/age/source" --target_folder="datasets/age/target" --guidance_scale=3.5 --cfg_eta=4 --noise_scale=1 
训练完成:20250522155840, age_vtrain_image_4.0eta_1.0ns_full_base_v1
训练时间:20250522163419, age_vtrain_image_4.0eta_1.0ns_full_base_v1
PYTHONPATH=".." python train_image.py --lora_name="age_vtrain_image_4.0eta_1.0ns_full_base_v1" --num_inference_steps=28 --pretrained_model_name_or_path=/disks/sata5/public/FLUX.1-dev --train_iteration=500 --save_per_steps=500 --device="3" --output_dir="output/models/image//age/age_vtrain_image_4.0eta_1.0ns_full_base_v1" --start_step=0 --end_step=27 --datasets_folder="datasets" --dataset="age" --source_folder="datasets/age/source" --target_folder="datasets/age/target" --guidance_scale=3.5 --cfg_eta=4 --noise_scale=1 
训练时间:20250523173332, age_vtrain_image_4.0eta_1.0ns_full_base_v1
PYTHONPATH=".." python train_image.py --lora_name="age_vtrain_image_4.0eta_1.0ns_full_base_v1" --num_inference_steps=28 --pretrained_model_name_or_path=/disks/sata5/public/FLUX.1-dev --train_iteration=500 --save_per_steps=500 --device="3" --output_dir="output/models/image//age/age_vtrain_image_4.0eta_1.0ns_full_base_v1" --start_step=0 --end_step=27 --datasets_folder="datasets" --dataset="age" --source_folder="datasets/age/source" --target_folder="datasets/age/target" --guidance_scale=3.5 --cfg_eta=4 --noise_scale=1 
训练时间:20250523173802, age_vtrain_image_4.0eta_1.0ns_full_base_v1
PYTHONPATH=".." python train_image.py --lora_name="age_vtrain_image_4.0eta_1.0ns_full_base_v1" --num_inference_steps=28 --pretrained_model_name_or_path=/disks/sata5/public/FLUX.1-dev --train_iteration=500 --save_per_steps=500 --device="3" --output_dir="output/models/image//age/age_vtrain_image_4.0eta_1.0ns_full_base_v1" --start_step=0 --end_step=27 --datasets_folder="datasets" --dataset="age" --source_folder="datasets/age/source" --target_folder="datasets/age/target" --guidance_scale=3.5 --cfg_eta=4 --noise_scale=1 
训练时间:20250524155633, age_vtrain_image_4.0eta_1.0ns_full_base_v1
PYTHONPATH=".." python train_image.py --lora_name="age_vtrain_image_4.0eta_1.0ns_full_base_v1" --num_inference_steps=28 --pretrained_model_name_or_path=/disks/sata5/public/FLUX.1-dev --train_iteration=500 --save_per_steps=500 --device="3" --output_dir="output/models/image//age/age_vtrain_image_4.0eta_1.0ns_full_base_v1" --start_step=0 --end_step=27 --datasets_folder="datasets" --dataset="age" --source_folder="datasets/age/source" --target_folder="datasets/age/target" --guidance_scale=3.5 --cfg_eta=4 --noise_scale=1 
训练时间:20250524155845, age_vtrain_image_4.0eta_1.0ns_full_base_v1
PYTHONPATH=".." python train_image.py --lora_name="age_vtrain_image_4.0eta_1.0ns_full_base_v1" --num_inference_steps=28 --pretrained_model_name_or_path=/disks/sata5/public/FLUX.1-dev --train_iteration=500 --save_per_steps=500 --device="3" --output_dir="output/models/image//age/age_vtrain_image_4.0eta_1.0ns_full_base_v1" --start_step=0 --end_step=27 --datasets_folder="datasets" --dataset="age" --source_folder="datasets/age/source" --target_folder="datasets/age/target" --guidance_scale=3.5 --cfg_eta=4 --noise_scale=1 
训练时间:20250524160008, age_vtrain_image_4.0eta_1.0ns_full_base_v1
PYTHONPATH=".." python train_image.py --lora_name="age_vtrain_image_4.0eta_1.0ns_full_base_v1" --num_inference_steps=28 --pretrained_model_name_or_path=/disks/sata5/public/FLUX.1-dev --train_iteration=500 --save_per_steps=500 --device="3" --output_dir="output/models/image//age/age_vtrain_image_4.0eta_1.0ns_full_base_v1" --start_step=0 --end_step=27 --datasets_folder="datasets" --dataset="age" --source_folder="datasets/age/source" --target_folder="datasets/age/target" --guidance_scale=3.5 --cfg_eta=4 --noise_scale=1 
训练时间:20250524164659, age_vtrain_image_4.0eta_1.0ns_full_base_v1
PYTHONPATH=".." python train_image.py --lora_name="age_vtrain_image_4.0eta_1.0ns_full_base_v1" --num_inference_steps=28 --pretrained_model_name_or_path=/disks/sata5/public/FLUX.1-dev --train_iteration=500 --save_per_steps=500 --device="3" --output_dir="output/models/image//age/age_vtrain_image_4.0eta_1.0ns_full_base_v1" --start_step=0 --end_step=27 --datasets_folder="datasets" --dataset="age" --source_folder="datasets/age/source" --target_folder="datasets/age/target" --guidance_scale=3.5 --cfg_eta=4 --noise_scale=1 
训练完成:20250524164659, age_vtrain_image_4.0eta_1.0ns_full_base_v1
训练时间:20250524172448, age_vtrain_image_4.0eta_1.0ns_full_base_v1
PYTHONPATH=".." python train_image.py --lora_name="age_vtrain_image_4.0eta_1.0ns_full_base_v1" --num_inference_steps=28 --pretrained_model_name_or_path=/disks/sata5/public/FLUX.1-dev --train_iteration=500 --save_per_steps=498 --device="3" --output_dir="output/models/image//age/age_vtrain_image_4.0eta_1.0ns_full_base_v1" --start_step=0 --end_step=27 --datasets_folder="datasets" --dataset="age" --source_folder="datasets/age/source" --target_folder="datasets/age/target" --guidance_scale=3.5 --cfg_eta=4 --noise_scale=1 
训练时间:20250524172530, age_vtrain_image_4.0eta_1.0ns_full_base_v1
PYTHONPATH=".." python train_image.py --lora_name="age_vtrain_image_4.0eta_1.0ns_full_base_v1" --num_inference_steps=28 --pretrained_model_name_or_path=/disks/sata5/public/FLUX.1-dev --train_iteration=500 --save_per_steps=498 --device="3" --output_dir="output/models/image//age/age_vtrain_image_4.0eta_1.0ns_full_base_v1" --start_step=0 --end_step=27 --datasets_folder="datasets" --dataset="age" --source_folder="datasets/age/source" --target_folder="datasets/age/target" --guidance_scale=3.5 --cfg_eta=4 --noise_scale=1 
训练时间:20250524173127, age_vtrain_image_4.0eta_1.0ns_full_base_v1
PYTHONPATH=".." python train_image.py --lora_name="age_vtrain_image_4.0eta_1.0ns_full_base_v1" --num_inference_steps=28 --pretrained_model_name_or_path=/disks/sata5/public/FLUX.1-dev --train_iteration=500 --save_per_steps=498 --device="3" --output_dir="output/models/image//age/age_vtrain_image_4.0eta_1.0ns_full_base_v1" --start_step=0 --end_step=27 --datasets_folder="datasets" --dataset="age" --source_folder="datasets/age/source" --target_folder="datasets/age/target" --guidance_scale=3.5 --cfg_eta=4 --noise_scale=1 
训练完成:20250524173127, age_vtrain_image_4.0eta_1.0ns_full_base_v1
